HEARD: hemesh
HEARD: hemesh
HEARD: hello mash
MATCHED: 'mash' - Sending WAKE_UP
HEARD: hello mash
MATCHED: 'mash' - Sending WAKE_UP
HEARD: oh, here. what do you need?
HEARD: oh, here. what do you need? ahmed uth ke pani pila.
HEARD: oh, here. what do you need? ahmed uth ke pani pila.
HEARD: lahore ka weather
HEARD: lahore ka weather
HEARD: mash mash
MATCHED: 'mash' - Sending WAKE_UP
HEARD: mash mash mash mash kya tum mujhe lahore ka weather bata sakte ho?
MATCHED: 'mash' - Sending WAKE_UP
HEARD: mash mash mash mash kya tum mujhe lahore ka weather bata sakte ho?
MATCHED: 'mash' - Sending WAKE_UP
HEARD: lahore's weather right now? looks like it's mostly sunny and pretty warm. anything else you want to know? uh
HEARD: lahore's weather right now? looks like it's mostly sunny and pretty warm. anything else you want to know? uh nahin. mahesh
HEARD: lahore's weather right now? looks like it's mostly sunny and pretty warm. anything else you want to know? uh nahin. mahesh
HEARD: mash
MATCHED: 'mash' - Sending WAKE_UP
HEARD: mash
MATCHED: 'mash' - Sending WAKE_UP
HEARD: still here? something you need?
HEARD: still here? something you need?
HEARD: mash
MATCHED: 'mash' - Sending WAKE_UP
HEARD: mash
MATCHED: 'mash' - Sending WAKE_UP
HEARD: मैं आज तुम उर्दू में क्यों नहीं बात कर रहे?
HEARD: मैं आज तुम उर्दू में क्यों नहीं बात कर रहे?
HEARD: मैश तो उर्दू में बात कर सकते हो?
HEARD: मैश तो उर्दू में बात कर सकते हो?
HEARD: मैं, क्या तुम उर्दू में बात कर सकते हो?
HEARD: मैं, क्या तुम उर्दू में बात कर सकते हो?
HEARD: hello mash
MATCHED: 'mash' - Sending WAKE_UP
HEARD: hello mash mash
MATCHED: 'mash' - Sending WAKE_UP
HEARD: hello mash mash
MATCHED: 'mash' - Sending WAKE_UP
HEARD: gale kaise yaad kiya?
HEARD: gale kaise yaad kiya?
HEARD: mesh, lahore mein mausam kaisa hai?
HEARD: mesh, lahore mein mausam kaisa hai?
HEARD: elle me lâche.
HEARD: elle me lâche.
HEARD: hello
HEARD: hello. mash
MATCHED: 'hello. mash' - Sending WAKE_UP
HEARD: hello. mash
MATCHED: 'hello. mash' - Sending WAKE_UP
HEARD: so me need?
HEARD: so me need? mahesh, aaj lahore mein mausam kaisa hai?
MATCHED: 'so me need? mahesh, aaj lahore mein mausam kaisa hai?' - Sending WAKE_UP
HEARD: so me need? mahesh, aaj lahore mein mausam kaisa hai?
MATCHED: 'so me need? mahesh, aaj lahore mein mausam kaisa hai?' - Sending WAKE_UP
HEARD: ¿eres
HEARD: ¿eres
HEARD: ahmed pani pila.
HEARD: ahmed pani pila. mash tum urdu mein baat kyon nahin kar rahe?
MATCHED: 'ahmed pani pila. mash tum urdu mein baat kyon nahin kar rahe?' - Sending WAKE_UP
HEARD: ahmed pani pila. mash tum urdu mein baat kyon nahin kar rahe?
MATCHED: 'ahmed pani pila. mash tum urdu mein baat kyon nahin kar rahe?' - Sending WAKE_UP
HEARD: बस ऐसे ही बात करनी है। बताओ। मैश क्या मैं तुमसे ऐसे बात नहीं कर सकता?
MATCHED: 'बस ऐसे ही बात करनी है। बताओ। मैश क्या मैं तुमसे ऐसे बात नहीं कर सकता?' - Sending WAKE_UP
HEARD: hello mash
MATCHED: 'hello mash' - Sending WAKE_UP
HEARD: hello mash
MATCHED: 'hello mash' - Sending WAKE_UP
HEARD: मैश, क्या तुम्हे इनविंसिबल के बारे में पता है?
MATCHED: 'मैश, क्या तुम्हे इनविंसिबल के बारे में पता है?' - Sending WAKE_UP
HEARD: मैश, क्या तुम्हे इनविंसिबल के बारे में पता है?
MATCHED: 'मैश, क्या तुम्हे इनविंसिबल के बारे में पता है?' - Sending WAKE_UP
HEARD: के बारे में कुछ खास पूछना चाहते हो?
HEARD: hello, mesh.
MATCHED: 'hello, mesh.' - Sending WAKE_UP
HEARD: hello, mesh.
MATCHED: 'hello, mesh.' - Sending WAKE_UP
HEARD: what's up?
HEARD: what's up?
HEARD: you know? anything you need?
HEARD: you know? anything you need?
HEARD: braced later
HEARD: braced later
HEARD: guess not. back to sleep.
HEARD: guess not. back to sleep.
HEARD: यार, मैं पानी पिलाया यार।
HEARD: hello mash
MATCHED: 'hello mash' - Sending WAKE_UP
HEARD: hello mash
MATCHED: 'hello mash' - Sending WAKE_UP
HEARD: yeah, i'm here. what's up?
HEARD: yeah, i'm here. what's up?
HEARD: everything good?
HEARD: everything good?
HEARD: anything else?
HEARD: anything else?
HEARD: drift back off. later.
HEARD: drift back off. later.
SYSTEM_HEARD: hello, mahesh.
SYSTEM_HEARD: hello, mahesh.
SYSTEM_HEARD: hello, marsh.
SYSTEM_HEARD: hello, marsh.
SYSTEM_HEARD: hello mash
SYSTEM_HEARD: hello mash
SYSTEM_HEARD: hello, mash.
SYSTEM_HEARD: hello, mash.
SYSTEM_HEARD: hemesh
SYSTEM_HEARD: hemesh
SYSTEM_HEARD: hey mash
SYSTEM_HEARD: hey mash
SYSTEM_HEARD: hello mahesh
SYSTEM_HEARD: hello mahesh
